<?xml version="1.0" encoding="UTF-8"?>
<testsuite xmlns:xsi="http://www.w3.org/2001/XMLSchema-instance" xsi:noNamespaceSchemaLocation="https://maven.apache.org/surefire/maven-surefire-plugin/xsd/surefire-test-report-3.0.xsd" version="3.0" name="TestSuite" time="35.477" tests="4" errors="0" skipped="0" failures="1">
  <properties>
[...]
</properties>
  <testcase name="basePageNevigation" classname="Academy.Homepage" time="10.696"/>
  <testcase name="basePageNevigation" classname="Academy.Homepage" time="5.577"/>
  <testcase name="validatePageTitle" classname="Academy.validateTitle" time="0.038">
    <failure message="expected:&lt;FEATURED COURSES&gt; but was:&lt;FEATURED COURSES1&gt;" type="java.lang.AssertionError"><![CDATA[java.lang.AssertionError: expected:<FEATURED COURSES> but was:<FEATURED COURSES1>
	at Academy.validateTitle.validatePageTitle(validateTitle.java:37)
]]></failure>
    <system-err><![CDATA[Starting ChromeDriver 74.0.3729.6 (255758eccf3d244491b8a1317aa76e1ce10d57e9-refs/branch-heads/3729@{#29}) on port 42296
Only local connections are allowed.
Please protect ports used by ChromeDriver and related test frameworks to prevent access by malicious code.
May 06, 2019 2:37:33 PM org.openqa.selenium.remote.ProtocolHandshake createSession
INFO: Detected dialect: OSS
]]></system-err>
  </testcase>
  <testcase name="validatePageNavigation" classname="Academy.validateNavigationBar" time="0.031"/>
</testsuite>