-------------------------------------------------------------------------------
Test set: TestSuite
-------------------------------------------------------------------------------
Tests run: 4, Failures: 1, Errors: 0, Skipped: 0, Time elapsed: 35.477 s <<< FAILURE! - in TestSuite
validatePageTitle(Academy.validateTitle)  Time elapsed: 0.038 s  <<< FAILURE!
java.lang.AssertionError: expected:<FEATURED COURSES> but was:<FEATURED COURSES1>
	at Academy.validateTitle.validatePageTitle(validateTitle.java:37)

