<?xml version="1.0" encoding="UTF-8"?>
<testng-results skipped="0" failed="0" ignored="0" total="2" passed="2">
  <reporter-output>
  </reporter-output>
  <suite name="Default suite" duration-ms="31362" started-at="2019-05-10T19:48:36Z" finished-at="2019-05-10T19:49:07Z">
    <groups>
    </groups>
    <test name="Default test" duration-ms="31362" started-at="2019-05-10T19:48:36Z" finished-at="2019-05-10T19:49:07Z">
      <class name="Academy.Homepage">
        <test-method status="PASS" signature="initialize()[pri:0, instance:Academy.Homepage@56528192]" name="initialize" is-config="true" duration-ms="2227" started-at="2019-05-10T19:48:36Z" finished-at="2019-05-10T19:48:38Z">
          <reporter-output>
          </reporter-output>
        </test-method> <!-- initialize -->
        <test-method status="PASS" signature="basePageNevigation(java.lang.String, java.lang.String)[pri:0, instance:Academy.Homepage@56528192]" name="basePageNevigation" duration-ms="21532" started-at="2019-05-10T19:48:38Z" data-provider="getData" finished-at="2019-05-10T19:49:00Z">
          <params>
            <param index="0">
              <value>
                <![CDATA[faysalsf@gmail.com]]>
              </value>
            </param>
            <param index="1">
              <value>
                <![CDATA[123456]]>
              </value>
            </param>
          </params>
          <reporter-output>
          </reporter-output>
        </test-method> <!-- basePageNevigation -->
        <test-method status="PASS" signature="basePageNevigation(java.lang.String, java.lang.String)[pri:0, instance:Academy.Homepage@56528192]" name="basePageNevigation" duration-ms="7456" started-at="2019-05-10T19:49:00Z" data-provider="getData" finished-at="2019-05-10T19:49:07Z">
          <params>
            <param index="0">
              <value>
                <![CDATA[nonfaysalsf@gmail.com]]>
              </value>
            </param>
            <param index="1">
              <value>
                <![CDATA[123456789AAAA]]>
              </value>
            </param>
          </params>
          <reporter-output>
          </reporter-output>
        </test-method> <!-- basePageNevigation -->
        <test-method status="PASS" signature="teardown()[pri:0, instance:Academy.Homepage@56528192]" name="teardown" is-config="true" duration-ms="124" started-at="2019-05-10T19:49:07Z" finished-at="2019-05-10T19:49:07Z">
          <reporter-output>
          </reporter-output>
        </test-method> <!-- teardown -->
      </class> <!-- Academy.Homepage -->
    </test> <!-- Default test -->
  </suite> <!-- Default suite -->
</testng-results>
